2025-07-18 11:54:48,676 p=582789 u=master n=ansible | [DEPRECATION WARNING]: DEFAULT_GATHER_SUBSET option, the module_defaults 
keyword is a more generic version and can apply to all calls to the 
M(ansible.builtin.gather_facts) or M(ansible.builtin.setup) actions, use 
module_defaults instead. This feature will be removed from ansible-core in 
version 2.18. Deprecation warnings can be disabled by setting 
deprecation_warnings=False in ansible.cfg.
2025-07-18 11:54:48,676 p=582789 u=master n=ansible | [DEPRECATION WARNING]: DEFAULT_GATHER_TIMEOUT option, the module_defaults 
keyword is a more generic version and can apply to all calls to the 
M(ansible.builtin.gather_facts) or M(ansible.builtin.setup) actions, use 
module_defaults instead. This feature will be removed from ansible-core in 
version 2.18. Deprecation warnings can be disabled by setting 
deprecation_warnings=False in ansible.cfg.
2025-07-18 16:54:51,213 p=881128 u=master n=ansible | [DEPRECATION WARNING]: DEFAULT_GATHER_SUBSET option, the module_defaults keyword is a more generic version and can apply to all calls to the M(ansible.builtin.gather_facts) or 
M(ansible.builtin.setup) actions, use module_defaults instead. This feature will be removed from ansible-core in version 2.18. Deprecation warnings can be disabled by setting 
deprecation_warnings=False in ansible.cfg.
2025-07-18 16:54:51,213 p=881128 u=master n=ansible | [DEPRECATION WARNING]: DEFAULT_GATHER_TIMEOUT option, the module_defaults keyword is a more generic version and can apply to all calls to the M(ansible.builtin.gather_facts) or 
M(ansible.builtin.setup) actions, use module_defaults instead. This feature will be removed from ansible-core in version 2.18. Deprecation warnings can be disabled by setting 
deprecation_warnings=False in ansible.cfg.
2025-07-18 16:54:51,291 p=881128 u=master n=ansible | [WARNING]: Unable to parse /home/master/projects/1/slurm-hpc-deployment/config/inventory as an inventory source

2025-07-18 16:54:51,291 p=881128 u=master n=ansible | [WARNING]: No inventory was parsed, only implicit localhost is available

2025-07-18 16:54:51,297 p=881128 u=master n=ansible | [WARNING]: provided hosts list is empty, only localhost is available. Note that the implicit localhost does not match 'all'

2025-07-18 16:54:51,415 p=881128 u=master n=ansible | ERROR! Empty playbook, nothing to do: /home/master/projects/1/slurm-hpc-deployment/playbooks/site.yml
2025-07-18 16:55:15,213 p=881485 u=master n=ansible | [DEPRECATION WARNING]: DEFAULT_GATHER_SUBSET option, the module_defaults keyword is a more generic version and can apply to all calls to the M(ansible.builtin.gather_facts) or 
M(ansible.builtin.setup) actions, use module_defaults instead. This feature will be removed from ansible-core in version 2.18. Deprecation warnings can be disabled by setting 
deprecation_warnings=False in ansible.cfg.
2025-07-18 16:55:15,214 p=881485 u=master n=ansible | [DEPRECATION WARNING]: DEFAULT_GATHER_TIMEOUT option, the module_defaults keyword is a more generic version and can apply to all calls to the M(ansible.builtin.gather_facts) or 
M(ansible.builtin.setup) actions, use module_defaults instead. This feature will be removed from ansible-core in version 2.18. Deprecation warnings can be disabled by setting 
deprecation_warnings=False in ansible.cfg.
2025-07-18 16:55:15,302 p=881485 u=master n=ansible | [WARNING]: Unable to parse /home/master/projects/1/slurm-hpc-deployment/config/inventory as an inventory source

2025-07-18 16:55:15,302 p=881485 u=master n=ansible | [WARNING]: No inventory was parsed, only implicit localhost is available

2025-07-18 16:55:15,304 p=881485 u=master n=ansible | [WARNING]: provided hosts list is empty, only localhost is available. Note that the implicit localhost does not match 'all'

2025-07-18 16:55:15,381 p=881485 u=master n=ansible | ERROR! Empty playbook, nothing to do: /home/master/projects/1/slurm-hpc-deployment/playbooks/slurm_cluster.yml
2025-07-18 17:15:57,276 p=896013 u=master n=ansible | [DEPRECATION WARNING]: DEFAULT_GATHER_SUBSET option, the module_defaults keyword is a more generic version and can apply to all calls to the M(ansible.builtin.gather_facts) or 
M(ansible.builtin.setup) actions, use module_defaults instead. This feature will be removed from ansible-core in version 2.18. Deprecation warnings can be disabled by setting 
deprecation_warnings=False in ansible.cfg.
2025-07-18 17:15:57,276 p=896013 u=master n=ansible | [DEPRECATION WARNING]: DEFAULT_GATHER_TIMEOUT option, the module_defaults keyword is a more generic version and can apply to all calls to the M(ansible.builtin.gather_facts) or 
M(ansible.builtin.setup) actions, use module_defaults instead. This feature will be removed from ansible-core in version 2.18. Deprecation warnings can be disabled by setting 
deprecation_warnings=False in ansible.cfg.
2025-07-18 17:15:57,345 p=896013 u=master n=ansible | [WARNING]: Unable to parse /home/master/projects/1/slurm-hpc-deployment/config/inventory as an inventory source

2025-07-18 17:15:57,345 p=896013 u=master n=ansible | [WARNING]: No inventory was parsed, only implicit localhost is available

2025-07-18 17:15:57,348 p=896013 u=master n=ansible | [WARNING]: provided hosts list is empty, only localhost is available. Note that the implicit localhost does not match 'all'

2025-07-18 17:15:57,415 p=896013 u=master n=ansible | ERROR! Empty playbook, nothing to do: /home/master/projects/1/slurm-hpc-deployment/playbooks/site.yml
2025-07-18 18:36:17,468 p=950372 u=master n=ansible | [DEPRECATION WARNING]: DEFAULT_GATHER_SUBSET option, the module_defaults keyword is a more generic version and can apply to all calls to the M(ansible.builtin.gather_facts) or 
M(ansible.builtin.setup) actions, use module_defaults instead. This feature will be removed from ansible-core in version 2.18. Deprecation warnings can be disabled by setting 
deprecation_warnings=False in ansible.cfg.
2025-07-18 18:36:17,468 p=950372 u=master n=ansible | [DEPRECATION WARNING]: DEFAULT_GATHER_TIMEOUT option, the module_defaults keyword is a more generic version and can apply to all calls to the M(ansible.builtin.gather_facts) or 
M(ansible.builtin.setup) actions, use module_defaults instead. This feature will be removed from ansible-core in version 2.18. Deprecation warnings can be disabled by setting 
deprecation_warnings=False in ansible.cfg.
2025-07-18 18:36:17,534 p=950372 u=master n=ansible | [WARNING]: Unable to parse /home/master/projects/1/slurm-hpc-deployment/config/inventory as an inventory source

2025-07-18 18:36:17,534 p=950372 u=master n=ansible | [WARNING]: No inventory was parsed, only implicit localhost is available

2025-07-18 18:36:17,536 p=950372 u=master n=ansible | [WARNING]: provided hosts list is empty, only localhost is available. Note that the implicit localhost does not match 'all'

2025-07-18 18:36:17,674 p=950372 u=master n=ansible | [WARNING]: Could not match supplied host pattern, ignoring: slurm_cluster

2025-07-18 18:36:17,675 p=950372 u=master n=ansible | playbook: playbooks/site.yml
2025-07-18 18:57:30,111 p=965291 u=master n=ansible | [DEPRECATION WARNING]: DEFAULT_GATHER_SUBSET option, the module_defaults 
keyword is a more generic version and can apply to all calls to the 
M(ansible.builtin.gather_facts) or M(ansible.builtin.setup) actions, use 
module_defaults instead. This feature will be removed from ansible-core in 
version 2.18. Deprecation warnings can be disabled by setting 
deprecation_warnings=False in ansible.cfg.
2025-07-18 18:57:30,111 p=965291 u=master n=ansible | [DEPRECATION WARNING]: DEFAULT_GATHER_TIMEOUT option, the module_defaults 
keyword is a more generic version and can apply to all calls to the 
M(ansible.builtin.gather_facts) or M(ansible.builtin.setup) actions, use 
module_defaults instead. This feature will be removed from ansible-core in 
version 2.18. Deprecation warnings can be disabled by setting 
deprecation_warnings=False in ansible.cfg.
2025-07-18 18:57:30,175 p=965291 u=master n=ansible | [WARNING]: Unable to parse /home/master/projects/1/slurm-hpc-
deployment/config/inventory as an inventory source

2025-07-18 18:57:30,175 p=965291 u=master n=ansible | [WARNING]: No inventory was parsed, only implicit localhost is available

2025-07-18 18:57:30,177 p=965291 u=master n=ansible | [WARNING]: provided hosts list is empty, only localhost is available. Note that
the implicit localhost does not match 'all'

2025-07-18 18:57:30,273 p=965291 u=master n=ansible | [WARNING]: Could not match supplied host pattern, ignoring: slurm_cluster

2025-07-18 18:57:30,274 p=965291 u=master n=ansible | playbook: playbooks/site.yml
2025-07-18 18:57:53,934 p=965552 u=master n=ansible | [DEPRECATION WARNING]: DEFAULT_GATHER_SUBSET option, the module_defaults keyword is a more generic version and can apply to all calls to the M(ansible.builtin.gather_facts) or 
M(ansible.builtin.setup) actions, use module_defaults instead. This feature will be removed from ansible-core in version 2.18. Deprecation warnings can be disabled by setting 
deprecation_warnings=False in ansible.cfg.
2025-07-18 18:57:53,934 p=965552 u=master n=ansible | [DEPRECATION WARNING]: DEFAULT_GATHER_TIMEOUT option, the module_defaults keyword is a more generic version and can apply to all calls to the M(ansible.builtin.gather_facts) or 
M(ansible.builtin.setup) actions, use module_defaults instead. This feature will be removed from ansible-core in version 2.18. Deprecation warnings can be disabled by setting 
deprecation_warnings=False in ansible.cfg.
2025-07-18 18:57:53,999 p=965552 u=master n=ansible | [WARNING]: Unable to parse /home/master/projects/1/slurm-hpc-deployment/config/inventory as an inventory source

2025-07-18 18:57:53,999 p=965552 u=master n=ansible | [WARNING]: No inventory was parsed, only implicit localhost is available

2025-07-18 18:57:54,001 p=965552 u=master n=ansible | [WARNING]: provided hosts list is empty, only localhost is available. Note that the implicit localhost does not match 'all'

2025-07-18 18:57:54,097 p=965552 u=master n=ansible | [WARNING]: Could not match supplied host pattern, ignoring: slurm_cluster

2025-07-18 18:57:54,098 p=965552 u=master n=ansible | playbook: playbooks/site.yml
